<?xml version="1.0" encoding="UTF-8"?>
<!-- Generated by org.testng.reporters.JUnitReportReporter -->
<testsuite skipped="0" hostname="BLT1203" name="gradledemo.samplegradle" tests="1" failures="0" timestamp="2020-02-20T11:33:05 IST" time="6.981" errors="0">
  <testcase name="testCase" time="6.981" classname="gradledemo.samplegradle"/>
</testsuite> <!-- gradledemo.samplegradle -->
